Arguments: 
  /home/larissa/.nvm/versions/node/v10.15.3/bin/node /home/larissa/.yarn/bin/yarn.js init -

PATH: 
  /home/larissa/.yarn/bin:/home/larissa/.config/yarn/global/node_modules/.bin:/home/larissa/.zplugin/polaris/bin:/home/larissa/.yarn/bin:/home/larissa/.config/yarn/global/node_modules/.bin:/home/larissa/.zplugin/polaris/bin:/home/larissa/.yarn/bin:/home/larissa/.config/yarn/global/node_modules/.bin:/home/larissa/.nvm/versions/node/v10.15.3/bin:/home/larissa/.zplugin/polaris/bin:/usr/local/sbin:/usr/local/bin:/usr/sbin:/usr/bin:/sbin:/bin:/usr/games:/usr/local/games:/snap/bin

Yarn version: 
  1.19.0

Node version: 
  10.15.3

Platform: 
  linux x64

Trace: 
  Error: canceled
      at Interface.<anonymous> (/home/larissa/.yarn/lib/cli.js:136799:13)
      at Interface.emit (events.js:189:13)
      at Interface._ttyWrite (readline.js:783:16)
      at ReadStream.onkeypress (readline.js:168:10)
      at ReadStream.emit (events.js:189:13)
      at emitKeys (internal/readline.js:424:14)
      at emitKeys.next (<anonymous>)
      at ReadStream.onData (readline.js:1022:36)
      at ReadStream.emit (events.js:189:13)
      at addChunk (_stream_readable.js:284:12)

npm manifest: 
  No manifest

yarn manifest: 
  No manifest

Lockfile: 
  # THIS IS AN AUTOGENERATED FILE. DO NOT EDIT THIS FILE DIRECTLY.
  # yarn lockfile v1
